Using pre-set license
Built from '2020.3/staging' branch; Version is '2020.3.37f1 (8c66806a0c04) revision 9201280'; Using compiler version '192528614'; Build Type 'Release'
OS: 'Windows 10  (10.0.19045) 64bit Professional' Language: 'en' Physical Memory: 3869 MB
BatchMode: 1, IsHumanControllingUs: 0, StartBugReporterOnCrash: 0, Is64bit: 1, IsPro: 0

COMMAND LINE ARGUMENTS:
C:\Program Files\Unity\Hub\Editor\2020.3.37f1\Editor\Unity.exe
-adb2
-batchMode
-noUpm
-name
AssetImportWorker0
-projectPath
C:/Users/LENOVO/DS Catch Game
-logFile
Logs/AssetImportWorker0.log
-srvPort
50541
Successfully changed project path to: C:/Users/LENOVO/DS Catch Game
C:/Users/LENOVO/DS Catch Game
Using Asset Import Pipeline V2.
Refreshing native plugins compatible for Editor in 440.58 ms, found 3 plugins.
Preloading 0 native plugins for Editor in 0.00 ms.
Initialize engine version: 2020.3.37f1 (8c66806a0c04)
[Subsystems] Discovering subsystems at path C:/Program Files/Unity/Hub/Editor/2020.3.37f1/Editor/Data/Resources/UnitySubsystems
[Subsystems] Discovering subsystems at path C:/Users/LENOVO/DS Catch Game/Assets
GfxDevice: creating device client; threaded=0
Direct3D:
    Version:  Direct3D 11.0 [level 11.1]
    Renderer: Intel(R) HD Graphics 520 (ID=0x1916)
    Vendor:   
    VRAM:     1934 MB
    Driver:   27.20.100.9171
Initialize mono
Mono path[0] = 'C:/Program Files/Unity/Hub/Editor/2020.3.37f1/Editor/Data/Managed'
Mono path[1] = 'C:/Program Files/Unity/Hub/Editor/2020.3.37f1/Editor/Data/MonoBleedingEdge/lib/mono/unityjit'
Mono config path = 'C:/Program Files/Unity/Hub/Editor/2020.3.37f1/Editor/Data/MonoBleedingEdge/etc'
Using monoOptions --debugger-agent=transport=dt_socket,embedding=1,server=y,suspend=n,address=127.0.0.1:56652
Begin MonoManager ReloadAssembly
Registering precompiled unity dll's ...
Register platform support module: C:/Program Files/Unity/Hub/Editor/2020.3.37f1/Editor/Data/PlaybackEngines/WindowsStandaloneSupport/UnityEditor.WindowsStandalone.Extensions.dll
Registered in 0.155547 seconds.
Native extension for WindowsStandalone target not found
Refreshing native plugins compatible for Editor in 131.65 ms, found 3 plugins.
Preloading 0 native plugins for Editor in 0.00 ms.
Mono: successfully reloaded assembly
- Completed reload, in  8.078 seconds
Domain Reload Profiling:
	ReloadAssembly (8079ms)
		BeginReloadAssembly (5505ms)
			ExecutionOrderSort (0ms)
			DisableScriptedObjects (0ms)
			BackupInstance (0ms)
			ReleaseScriptingObjects (0ms)
			CreateAndSetChildDomain (3ms)
		EndReloadAssembly (2069ms)
			LoadAssemblies (5498ms)
			RebuildTransferFunctionScriptingTraits (0ms)
			SetupTypeCache (1057ms)
			ReleaseScriptCaches (0ms)
			RebuildScriptCaches (56ms)
			SetupLoadedEditorAssemblies (765ms)
				LogAssemblyErrors (0ms)
				InitializePlatformSupportModulesInManaged (62ms)
				SetLoadedEditorAssemblies (1ms)
				RefreshPlugins (132ms)
				BeforeProcessingInitializeOnLoad (49ms)
				ProcessInitializeOnLoadAttributes (421ms)
				ProcessInitializeOnLoadMethodAttributes (100ms)
				AfterProcessingInitializeOnLoad (0ms)
				EditorAssembliesLoaded (0ms)
			ExecutionOrderSort2 (0ms)
			AwakeInstancesAfterBackupRestoration (0ms)
Platform modules already initialized, skipping
Registering precompiled user dll's ...
Registered in 0.004880 seconds.
Begin MonoManager ReloadAssembly
Native extension for WindowsStandalone target not found
Refreshing native plugins compatible for Editor in 75.34 ms, found 3 plugins.
Preloading 0 native plugins for Editor in 0.00 ms.
Mono: successfully reloaded assembly
- Completed reload, in 11.361 seconds
Domain Reload Profiling:
	ReloadAssembly (11371ms)
		BeginReloadAssembly (305ms)
			ExecutionOrderSort (0ms)
			DisableScriptedObjects (9ms)
			BackupInstance (0ms)
			ReleaseScriptingObjects (0ms)
			CreateAndSetChildDomain (36ms)
		EndReloadAssembly (10969ms)
			LoadAssemblies (5433ms)
			RebuildTransferFunctionScriptingTraits (0ms)
			SetupTypeCache (2114ms)
			ReleaseScriptCaches (1ms)
			RebuildScriptCaches (92ms)
			SetupLoadedEditorAssemblies (3084ms)
				LogAssemblyErrors (0ms)
				InitializePlatformSupportModulesInManaged (7ms)
				SetLoadedEditorAssemblies (0ms)
				RefreshPlugins (75ms)
				BeforeProcessingInitializeOnLoad (168ms)
				ProcessInitializeOnLoadAttributes (953ms)
				ProcessInitializeOnLoadMethodAttributes (1872ms)
				AfterProcessingInitializeOnLoad (9ms)
				EditorAssembliesLoaded (0ms)
			ExecutionOrderSort2 (0ms)
			AwakeInstancesAfterBackupRestoration (6ms)
Platform modules already initialized, skipping
========================================================================
Worker process is ready to serve import requests
Launched and connected shader compiler UnityShaderCompiler.exe after 0.21 seconds
Refreshing native plugins compatible for Editor in 0.67 ms, found 3 plugins.
Preloading 0 native plugins for Editor in 0.00 ms.
Unloading 2211 Unused Serialized files (Serialized files now loaded: 0)
System memory in use before: 97.3 MB.
System memory in use after: 97.2 MB.

Unloading 31 unused Assets to reduce memory usage. Loaded Objects now: 2643.
Total: 8.002700 ms (FindLiveObjects: 0.900600 ms CreateObjectMapping: 0.363900 ms MarkObjects: 6.487900 ms  DeleteObjects: 0.221800 ms)

AssetImportParameters requested are different than current active one (requested -> active):
  custom:framework-win-MediaFoundation: 216162199b28c13a410421893ffa2e32 -> 
  custom:video-decoder-ogg-theora: a1e56fd34408186e4bbccfd4996cb3dc -> 
  custom:container-muxer-webm: aa71ff27fc2769a1b78a27578f13a17b -> 
  custom:container-demuxer-webm: 4f35f7cbe854078d1ac9338744f61a02 -> 
  custom:container-demuxer-ogg: 62fdf1f143b41e24485cea50d1cbac27 -> 
  custom:video-encoder-webm-vp8: eb34c28f22e8b96e1ab97ce403110664 -> 
  custom:video-decoder-webm-vp8: 9c59270c3fd7afecdb556c50c9e8de78 -> 
  custom:audio-decoder-ogg-vorbis: bf7c407c2cedff20999df2af8eb42d56 -> 
  custom:audio-encoder-webm-vorbis: bf7c407c2cedff20999df2af8eb42d56 -> 
========================================================================
Received Import Request.
  path: Assets/Scripts
  artifactKey: Guid(62d7cc943fffc7145a281e0ffd0fc959) Importer(815301076,1909f56bfc062723c751e8b465ee728b)
Start importing Assets/Scripts using Guid(62d7cc943fffc7145a281e0ffd0fc959) Importer(815301076,1909f56bfc062723c751e8b465ee728b)  -> (artifact id: 'a93dd06f168073ff6023629e68c833a0') in 0.029006 seconds 
========================================================================
Received Import Request.
  Time since last request: 62.903688 seconds.
  path: Assets
  artifactKey: Guid(00000000000000001000000000000000) Importer(815301076,1909f56bfc062723c751e8b465ee728b)
Start importing Assets using Guid(00000000000000001000000000000000) Importer(815301076,1909f56bfc062723c751e8b465ee728b)  -> (artifact id: '42d402b061de3733987d63b9cc3b64de') in 0.020435 seconds 
========================================================================
Received Import Request.
  Time since last request: 17.910026 seconds.
  path: Assets/Prefa
  artifactKey: Guid(bb3216ab63f2e894f97c87520ba33c2f) Importer(815301076,1909f56bfc062723c751e8b465ee728b)
Start importing Assets/Prefa using Guid(bb3216ab63f2e894f97c87520ba33c2f) Importer(815301076,1909f56bfc062723c751e8b465ee728b)  -> (artifact id: '828b1a4a5c201c7b1b3d3897cc857df0') in 0.011981 seconds 
========================================================================
Received Import Request.
  Time since last request: 11.033089 seconds.
  path: Assets/Prefabs
  artifactKey: Guid(bb3216ab63f2e894f97c87520ba33c2f) Importer(815301076,1909f56bfc062723c751e8b465ee728b)
Start importing Assets/Prefabs using Guid(bb3216ab63f2e894f97c87520ba33c2f) Importer(815301076,1909f56bfc062723c751e8b465ee728b)  -> (artifact id: 'f569ee49b9b5e8df5bb8402dc9cf33da') in 0.028291 seconds 
========================================================================
Received Prepare
Registering precompiled user dll's ...
Registered in 0.023641 seconds.
Begin MonoManager ReloadAssembly
Native extension for WindowsStandalone target not found
Refreshing native plugins compatible for Editor in 2.13 ms, found 3 plugins.
Preloading 0 native plugins for Editor in 0.00 ms.
Mono: successfully reloaded assembly
- Completed reload, in  2.952 seconds
Domain Reload Profiling:
	ReloadAssembly (2994ms)
		BeginReloadAssembly (1227ms)
			ExecutionOrderSort (2ms)
			DisableScriptedObjects (230ms)
			BackupInstance (0ms)
			ReleaseScriptingObjects (2ms)
			CreateAndSetChildDomain (474ms)
		EndReloadAssembly (1632ms)
			LoadAssemblies (415ms)
			RebuildTransferFunctionScriptingTraits (0ms)
			SetupTypeCache (505ms)
			ReleaseScriptCaches (3ms)
			RebuildScriptCaches (69ms)
			SetupLoadedEditorAssemblies (628ms)
				LogAssemblyErrors (0ms)
				InitializePlatformSupportModulesInManaged (10ms)
				SetLoadedEditorAssemblies (2ms)
				RefreshPlugins (2ms)
				BeforeProcessingInitializeOnLoad (186ms)
				ProcessInitializeOnLoadAttributes (375ms)
				ProcessInitializeOnLoadMethodAttributes (41ms)
				AfterProcessingInitializeOnLoad (13ms)
				EditorAssembliesLoaded (0ms)
			ExecutionOrderSort2 (0ms)
			AwakeInstancesAfterBackupRestoration (10ms)
Platform modules already initialized, skipping
Refreshing native plugins compatible for Editor in 0.64 ms, found 3 plugins.
Preloading 0 native plugins for Editor in 0.00 ms.
Unloading 2207 Unused Serialized files (Serialized files now loaded: 0)
System memory in use before: 97.3 MB.
System memory in use after: 97.2 MB.

Unloading 20 unused Assets to reduce memory usage. Loaded Objects now: 2647.
Total: 13.478400 ms (FindLiveObjects: 0.407300 ms CreateObjectMapping: 0.216900 ms MarkObjects: 12.509800 ms  DeleteObjects: 0.341700 ms)

AssetImportParameters requested are different than current active one (requested -> active):
  custom:framework-win-MediaFoundation: 216162199b28c13a410421893ffa2e32 -> 
  custom:video-decoder-ogg-theora: a1e56fd34408186e4bbccfd4996cb3dc -> 
  custom:container-muxer-webm: aa71ff27fc2769a1b78a27578f13a17b -> 
  custom:container-demuxer-webm: 4f35f7cbe854078d1ac9338744f61a02 -> 
  custom:container-demuxer-ogg: 62fdf1f143b41e24485cea50d1cbac27 -> 
  custom:video-encoder-webm-vp8: eb34c28f22e8b96e1ab97ce403110664 -> 
  custom:video-decoder-webm-vp8: 9c59270c3fd7afecdb556c50c9e8de78 -> 
  custom:audio-decoder-ogg-vorbis: bf7c407c2cedff20999df2af8eb42d56 -> 
  custom:audio-encoder-webm-vorbis: bf7c407c2cedff20999df2af8eb42d56 -> 
========================================================================
Received Prepare
Registering precompiled user dll's ...
Registered in 0.006839 seconds.
Begin MonoManager ReloadAssembly
Native extension for WindowsStandalone target not found
Refreshing native plugins compatible for Editor in 0.69 ms, found 3 plugins.
Preloading 0 native plugins for Editor in 0.00 ms.
Mono: successfully reloaded assembly
- Completed reload, in  1.547 seconds
Domain Reload Profiling:
	ReloadAssembly (1548ms)
		BeginReloadAssembly (222ms)
			ExecutionOrderSort (0ms)
			DisableScriptedObjects (9ms)
			BackupInstance (0ms)
			ReleaseScriptingObjects (0ms)
			CreateAndSetChildDomain (74ms)
		EndReloadAssembly (1225ms)
			LoadAssemblies (200ms)
			RebuildTransferFunctionScriptingTraits (0ms)
			SetupTypeCache (417ms)
			ReleaseScriptCaches (1ms)
			RebuildScriptCaches (63ms)
			SetupLoadedEditorAssemblies (440ms)
				LogAssemblyErrors (0ms)
				InitializePlatformSupportModulesInManaged (6ms)
				SetLoadedEditorAssemblies (1ms)
				RefreshPlugins (1ms)
				BeforeProcessingInitializeOnLoad (133ms)
				ProcessInitializeOnLoadAttributes (267ms)
				ProcessInitializeOnLoadMethodAttributes (23ms)
				AfterProcessingInitializeOnLoad (9ms)
				EditorAssembliesLoaded (0ms)
			ExecutionOrderSort2 (0ms)
			AwakeInstancesAfterBackupRestoration (6ms)
Platform modules already initialized, skipping
Refreshing native plugins compatible for Editor in 0.58 ms, found 3 plugins.
Preloading 0 native plugins for Editor in 0.00 ms.
Unloading 2208 Unused Serialized files (Serialized files now loaded: 0)
System memory in use before: 97.4 MB.
System memory in use after: 97.3 MB.

Unloading 20 unused Assets to reduce memory usage. Loaded Objects now: 2651.
Total: 4.777100 ms (FindLiveObjects: 0.266000 ms CreateObjectMapping: 0.233400 ms MarkObjects: 4.066700 ms  DeleteObjects: 0.196100 ms)

AssetImportParameters requested are different than current active one (requested -> active):
  custom:framework-win-MediaFoundation: 216162199b28c13a410421893ffa2e32 -> 
  custom:video-decoder-ogg-theora: a1e56fd34408186e4bbccfd4996cb3dc -> 
  custom:container-muxer-webm: aa71ff27fc2769a1b78a27578f13a17b -> 
  custom:container-demuxer-webm: 4f35f7cbe854078d1ac9338744f61a02 -> 
  custom:container-demuxer-ogg: 62fdf1f143b41e24485cea50d1cbac27 -> 
  custom:video-encoder-webm-vp8: eb34c28f22e8b96e1ab97ce403110664 -> 
  custom:video-decoder-webm-vp8: 9c59270c3fd7afecdb556c50c9e8de78 -> 
  custom:audio-decoder-ogg-vorbis: bf7c407c2cedff20999df2af8eb42d56 -> 
  custom:audio-encoder-webm-vorbis: bf7c407c2cedff20999df2af8eb42d56 -> 
========================================================================
Received Import Request.
  Time since last request: 1781.481669 seconds.
  path: Assets/GameAssets
  artifactKey: Guid(42ea98815adb5c14f8fc52176003cc2d) Importer(815301076,1909f56bfc062723c751e8b465ee728b)
Start importing Assets/GameAssets using Guid(42ea98815adb5c14f8fc52176003cc2d) Importer(815301076,1909f56bfc062723c751e8b465ee728b)  -> (artifact id: 'bbc38a910e58f2d24dbb3fc1ad804022') in 0.025999 seconds 
========================================================================
Received Import Request.
  Time since last request: 1.688454 seconds.
  path: Assets/AurynSky
  artifactKey: Guid(3b27308bbb6b97643b0efadb2f1adc06) Importer(815301076,1909f56bfc062723c751e8b465ee728b)
Start importing Assets/AurynSky using Guid(3b27308bbb6b97643b0efadb2f1adc06) Importer(815301076,1909f56bfc062723c751e8b465ee728b)  -> (artifact id: '4a067194e53a03902778e70784c0b965') in 0.015031 seconds 
========================================================================
Received Import Request.
  Time since last request: 1.523726 seconds.
  path: Assets/Free Pixel Art Hills
  artifactKey: Guid(9476bb54791cc634d847baafb55dd6be) Importer(815301076,1909f56bfc062723c751e8b465ee728b)
Start importing Assets/Free Pixel Art Hills using Guid(9476bb54791cc634d847baafb55dd6be) Importer(815301076,1909f56bfc062723c751e8b465ee728b)  -> (artifact id: 'd8741aa2c54f248885d9f28fa9a59fe0') in 0.017127 seconds 
========================================================================
Received Prepare
Registering precompiled user dll's ...
Registered in 0.005876 seconds.
Begin MonoManager ReloadAssembly
Native extension for WindowsStandalone target not found
Refreshing native plugins compatible for Editor in 1.26 ms, found 3 plugins.
Preloading 0 native plugins for Editor in 0.00 ms.
Mono: successfully reloaded assembly
- Completed reload, in  1.642 seconds
Domain Reload Profiling:
	ReloadAssembly (1644ms)
		BeginReloadAssembly (216ms)
			ExecutionOrderSort (0ms)
			DisableScriptedObjects (24ms)
			BackupInstance (0ms)
			ReleaseScriptingObjects (0ms)
			CreateAndSetChildDomain (67ms)
		EndReloadAssembly (1338ms)
			LoadAssemblies (153ms)
			RebuildTransferFunctionScriptingTraits (0ms)
			SetupTypeCache (435ms)
			ReleaseScriptCaches (1ms)
			RebuildScriptCaches (78ms)
			SetupLoadedEditorAssemblies (519ms)
				LogAssemblyErrors (0ms)
				InitializePlatformSupportModulesInManaged (7ms)
				SetLoadedEditorAssemblies (1ms)
				RefreshPlugins (1ms)
				BeforeProcessingInitializeOnLoad (159ms)
				ProcessInitializeOnLoadAttributes (317ms)
				ProcessInitializeOnLoadMethodAttributes (25ms)
				AfterProcessingInitializeOnLoad (9ms)
				EditorAssembliesLoaded (0ms)
			ExecutionOrderSort2 (0ms)
			AwakeInstancesAfterBackupRestoration (6ms)
Platform modules already initialized, skipping
Refreshing native plugins compatible for Editor in 0.67 ms, found 3 plugins.
Preloading 0 native plugins for Editor in 0.00 ms.
Unloading 2208 Unused Serialized files (Serialized files now loaded: 0)
System memory in use before: 97.4 MB.
System memory in use after: 97.3 MB.

Unloading 20 unused Assets to reduce memory usage. Loaded Objects now: 2654.
Total: 4.566800 ms (FindLiveObjects: 0.311200 ms CreateObjectMapping: 0.185900 ms MarkObjects: 3.887800 ms  DeleteObjects: 0.180300 ms)

AssetImportParameters requested are different than current active one (requested -> active):
  custom:framework-win-MediaFoundation: 216162199b28c13a410421893ffa2e32 -> 
  custom:video-decoder-ogg-theora: a1e56fd34408186e4bbccfd4996cb3dc -> 
  custom:container-muxer-webm: aa71ff27fc2769a1b78a27578f13a17b -> 
  custom:container-demuxer-webm: 4f35f7cbe854078d1ac9338744f61a02 -> 
  custom:container-demuxer-ogg: 62fdf1f143b41e24485cea50d1cbac27 -> 
  custom:video-encoder-webm-vp8: eb34c28f22e8b96e1ab97ce403110664 -> 
  custom:video-decoder-webm-vp8: 9c59270c3fd7afecdb556c50c9e8de78 -> 
  custom:audio-decoder-ogg-vorbis: bf7c407c2cedff20999df2af8eb42d56 -> 
  custom:audio-encoder-webm-vorbis: bf7c407c2cedff20999df2af8eb42d56 -> 
========================================================================
Received Import Request.
  Time since last request: 12.473458 seconds.
  path: Assets/GameAssets/Free Pixel Art Hills/Demo
  artifactKey: Guid(3b182a07c99bba94db8e5b8a017967ad) Importer(815301076,1909f56bfc062723c751e8b465ee728b)
Start importing Assets/GameAssets/Free Pixel Art Hills/Demo using Guid(3b182a07c99bba94db8e5b8a017967ad) Importer(815301076,1909f56bfc062723c751e8b465ee728b)  -> (artifact id: '3138851d5b724e8fc30fc606dc815d01') in 0.021144 seconds 
========================================================================
Received Import Request.
  Time since last request: 3.682693 seconds.
  path: Assets/GameAssets/Free Pixel Art Hills/PNG
  artifactKey: Guid(203ceabfeddeb7d48b3c2ea7add8c72e) Importer(815301076,1909f56bfc062723c751e8b465ee728b)
Start importing Assets/GameAssets/Free Pixel Art Hills/PNG using Guid(203ceabfeddeb7d48b3c2ea7add8c72e) Importer(815301076,1909f56bfc062723c751e8b465ee728b)  -> (artifact id: '2dad7a1e86cc4d60636a9abaebe71fe8') in 0.019538 seconds 
========================================================================
Received Import Request.
  Time since last request: 0.060777 seconds.
  path: Assets/GameAssets/Free Pixel Art Hills/PNG/Hills Layer 01.png
  artifactKey: Guid(b8657fe1ee4ab734c910b161488d1cfd) Importer(815301076,1909f56bfc062723c751e8b465ee728b)
Start importing Assets/GameAssets/Free Pixel Art Hills/PNG/Hills Layer 01.png using Guid(b8657fe1ee4ab734c910b161488d1cfd) Importer(815301076,1909f56bfc062723c751e8b465ee728b)  -> (artifact id: '452b75a8c0d56023edae03364b8a09b1') in 0.339427 seconds 
========================================================================
Received Import Request.
  Time since last request: 0.000491 seconds.
  path: Assets/GameAssets/Free Pixel Art Hills/PNG/Hills Layer 02.png
  artifactKey: Guid(3f4b3d177ea855b4a833411dbe376d50) Importer(815301076,1909f56bfc062723c751e8b465ee728b)
Start importing Assets/GameAssets/Free Pixel Art Hills/PNG/Hills Layer 02.png using Guid(3f4b3d177ea855b4a833411dbe376d50) Importer(815301076,1909f56bfc062723c751e8b465ee728b)  -> (artifact id: 'af37f262fbed2338954e9149e5efabd0') in 0.044880 seconds 
========================================================================
Received Import Request.
  Time since last request: 0.000556 seconds.
  path: Assets/GameAssets/Free Pixel Art Hills/PNG/Hills Layer 03.png
  artifactKey: Guid(6db0991689d232641939ba1ec79be9d7) Importer(815301076,1909f56bfc062723c751e8b465ee728b)
Start importing Assets/GameAssets/Free Pixel Art Hills/PNG/Hills Layer 03.png using Guid(6db0991689d232641939ba1ec79be9d7) Importer(815301076,1909f56bfc062723c751e8b465ee728b)  -> (artifact id: '111094d1b9362765839afab75ad0f5c6') in 0.036654 seconds 
========================================================================
Received Import Request.
  Time since last request: 0.000353 seconds.
  path: Assets/GameAssets/Free Pixel Art Hills/PNG/Hills Layer 04.png
  artifactKey: Guid(e8a5841827c9a5f4ebd5bce5b5fd76ce) Importer(815301076,1909f56bfc062723c751e8b465ee728b)
Start importing Assets/GameAssets/Free Pixel Art Hills/PNG/Hills Layer 04.png using Guid(e8a5841827c9a5f4ebd5bce5b5fd76ce) Importer(815301076,1909f56bfc062723c751e8b465ee728b)  -> (artifact id: 'c544a7f22a2be1baba2a74009515ad63') in 0.034881 seconds 
========================================================================
Received Import Request.
  Time since last request: 0.000326 seconds.
  path: Assets/GameAssets/Free Pixel Art Hills/PNG/Hills Layer 01B.png
  artifactKey: Guid(6d066f9faa20fad44aed43b22ad9c89e) Importer(815301076,1909f56bfc062723c751e8b465ee728b)
Start importing Assets/GameAssets/Free Pixel Art Hills/PNG/Hills Layer 01B.png using Guid(6d066f9faa20fad44aed43b22ad9c89e) Importer(815301076,1909f56bfc062723c751e8b465ee728b)  -> (artifact id: 'e016aa6a22b8448fd4901f87849a8a6c') in 0.041700 seconds 
========================================================================
Received Import Request.
  Time since last request: 0.000336 seconds.
  path: Assets/GameAssets/Free Pixel Art Hills/PNG/Hills Layer 06.png
  artifactKey: Guid(a9e4acbc9cf06e346a34fcda40a0fad1) Importer(815301076,1909f56bfc062723c751e8b465ee728b)
Start importing Assets/GameAssets/Free Pixel Art Hills/PNG/Hills Layer 06.png using Guid(a9e4acbc9cf06e346a34fcda40a0fad1) Importer(815301076,1909f56bfc062723c751e8b465ee728b)  -> (artifact id: 'c1fdf006b1dd5e61d2522a2e25725bf2') in 0.035129 seconds 
========================================================================
Received Import Request.
  Time since last request: 0.000365 seconds.
  path: Assets/GameAssets/Free Pixel Art Hills/PNG/Hills Layer 05.png
  artifactKey: Guid(2dc47d91b92f87c4fb49c83c697b1a38) Importer(815301076,1909f56bfc062723c751e8b465ee728b)
Start importing Assets/GameAssets/Free Pixel Art Hills/PNG/Hills Layer 05.png using Guid(2dc47d91b92f87c4fb49c83c697b1a38) Importer(815301076,1909f56bfc062723c751e8b465ee728b)  -> (artifact id: '3ea5a4c57fed7a7aa89c358749c7d7be') in 0.041047 seconds 
========================================================================
Received Import Request.
  Time since last request: 210.872391 seconds.
  path: Assets/GameAssets/Free Pixel Art Hills/PNG/Hills Layer 01.png
  artifactKey: Guid(b8657fe1ee4ab734c910b161488d1cfd) Importer(815301076,1909f56bfc062723c751e8b465ee728b)
Start importing Assets/GameAssets/Free Pixel Art Hills/PNG/Hills Layer 01.png using Guid(b8657fe1ee4ab734c910b161488d1cfd) Importer(815301076,1909f56bfc062723c751e8b465ee728b)  -> (artifact id: '30bf0a1563dfdda7b45918eb6f5b5d0e') in 0.027075 seconds 
========================================================================
Received Import Request.
  Time since last request: 215.178516 seconds.
  path: Assets/GameAssets/Free Pixel Art Hills/PNG/Hills Layer 02.png
  artifactKey: Guid(3f4b3d177ea855b4a833411dbe376d50) Importer(815301076,1909f56bfc062723c751e8b465ee728b)
Start importing Assets/GameAssets/Free Pixel Art Hills/PNG/Hills Layer 02.png using Guid(3f4b3d177ea855b4a833411dbe376d50) Importer(815301076,1909f56bfc062723c751e8b465ee728b)  -> (artifact id: 'd1f4075c4e97c90d5ea2f1043b671041') in 0.024600 seconds 
========================================================================
Received Import Request.
  Time since last request: 62.040671 seconds.
  path: Assets/GameAssets/Free Pixel Art Hills/PNG/Hills Layer 04.png
  artifactKey: Guid(e8a5841827c9a5f4ebd5bce5b5fd76ce) Importer(815301076,1909f56bfc062723c751e8b465ee728b)
Start importing Assets/GameAssets/Free Pixel Art Hills/PNG/Hills Layer 04.png using Guid(e8a5841827c9a5f4ebd5bce5b5fd76ce) Importer(815301076,1909f56bfc062723c751e8b465ee728b)  -> (artifact id: 'b2afafdada24c094b5ac75453410eb90') in 0.025129 seconds 
========================================================================
Received Import Request.
  Time since last request: 78.359378 seconds.
  path: ProjectSettings/TagManager.asset
  artifactKey: Guid(00000000000000003000000000000000) Importer(815301076,1909f56bfc062723c751e8b465ee728b)
Start importing ProjectSettings/TagManager.asset using Guid(00000000000000003000000000000000) Importer(815301076,1909f56bfc062723c751e8b465ee728b)  -> (artifact id: '95df672b4aaba54310d34c83eef51bb8') in 0.021272 seconds 
========================================================================
Received Import Request.
  Time since last request: 245.794682 seconds.
  path: Assets/GameAssets/Free Pixel Art Hills/PNG/Hills Layer 01.png
  artifactKey: Guid(b8657fe1ee4ab734c910b161488d1cfd) Importer(815301076,1909f56bfc062723c751e8b465ee728b)
Start importing Assets/GameAssets/Free Pixel Art Hills/PNG/Hills Layer 01.png using Guid(b8657fe1ee4ab734c910b161488d1cfd) Importer(815301076,1909f56bfc062723c751e8b465ee728b)  -> (artifact id: '3eb2582733aa52f3d7b5693dd8587ada') in 0.026100 seconds 
========================================================================
Received Import Request.
  Time since last request: 39.441381 seconds.
  path: Assets/GameAssets/Free Pixel Art Hills/PSD
  artifactKey: Guid(8801fed489c0cf34abdbb330ff9d4dc2) Importer(815301076,1909f56bfc062723c751e8b465ee728b)
Start importing Assets/GameAssets/Free Pixel Art Hills/PSD using Guid(8801fed489c0cf34abdbb330ff9d4dc2) Importer(815301076,1909f56bfc062723c751e8b465ee728b)  -> (artifact id: '6e48464a96a8d86c9f9c1416057d697c') in 0.020934 seconds 
========================================================================
Received Import Request.
  Time since last request: 0.028499 seconds.
  path: Assets/GameAssets/Free Pixel Art Hills/PSD/Background.psd
  artifactKey: Guid(5a9c3a6930689e64f8a0e61ea1a0cf8b) Importer(815301076,1909f56bfc062723c751e8b465ee728b)
Start importing Assets/GameAssets/Free Pixel Art Hills/PSD/Background.psd using Guid(5a9c3a6930689e64f8a0e61ea1a0cf8b) Importer(815301076,1909f56bfc062723c751e8b465ee728b)  -> (artifact id: '65bfe37a076f6dba0f19bd6c5774bd40') in 0.035102 seconds 
========================================================================
Received Import Request.
  Time since last request: 9.214139 seconds.
  path: Assets/GameAssets/Free Pixel Art Hills/PSD/Background.psd
  artifactKey: Guid(5a9c3a6930689e64f8a0e61ea1a0cf8b) Importer(815301076,1909f56bfc062723c751e8b465ee728b)
Start importing Assets/GameAssets/Free Pixel Art Hills/PSD/Background.psd using Guid(5a9c3a6930689e64f8a0e61ea1a0cf8b) Importer(815301076,1909f56bfc062723c751e8b465ee728b)  -> (artifact id: '6b5e99bed4b56a524d9ea3e653a7fed1') in 0.034937 seconds 
AssetImportWorkerClient::OnTransportError - code=2 error=End of file
